> patient  Gross_MeyerA
> device  <CUDA Device 0>

Reading configurations from: /home/naiqianluan/DCE-MRI/data/DCE_data/20250827-110742-Gross_MeyerA/RAVE_files/config_subject.csv
Found 1 configurations to process

============================================================
Processing DCE
============================================================
  patient: Gross_MeyerA
  spokes_per_frame: 46
  images_per_slab: 96
> Found 47 slice files in //home/naiqianluan/DCE-MRI/data/DCE_data/20250827-110742-Gross_MeyerA/RAVE_files/h5slices_wt_acqT/DCE
> Inferred k-space dimensions from first slice: slices=2, spokes=2220, samples=512, coils=64
> dims: coils=64, spokes=2220, samples=512, n_time=48
  traj shape: (48, 46, 512, 2)

>>> Testing basis8 | nbasis=8
    lambda = 0.001
    patient output dir: /home/naiqianluan/DCE-MRI/code/mgrasp-recon/lambda_test_outputs/basis8/recon_h5_lambda_1em03/Gross_MeyerA
Traceback (most recent call last):
  File "/home/naiqianluan/DCE-MRI/code/mgrasp-recon/./notebooks/step2_recon_all_slices.py", line 222, in <module>
    raise SystemExit(main())
  File "/home/naiqianluan/DCE-MRI/code/mgrasp-recon/./notebooks/step2_recon_all_slices.py", line 181, in main
    raise ValueError(
ValueError: START_SLICE_IDX=49 is outside the available slice range 0..46
